<?xml version="1.0" encoding="UTF-8"?>
<!-- Generated by org.testng.reporters.JUnitXMLReporter -->
<testsuite hostname="QT-INBG-LT0450" ignored="1" name="First End to End Test Flow" tests="1" failures="0" timestamp="2019-12-30T16:09:26 IST" time="48.932" errors="0">
  <testcase name="firstTest" time="36.614" classname="TestNGClasses.EndToEndFlow"/>
  <testcase name="secondTest" time="0.0" classname="TestNGClasses.EndToEndFlow">
    <ignored/>
  </testcase> <!-- secondTest -->
</testsuite> <!-- First End to End Test Flow -->
