<?xml version="1.0" encoding="UTF-8"?>
<!-- Generated by org.testng.reporters.JUnitXMLReporter -->
<testsuite hostname="QT-INBG-LT0450" ignored="1" name="Second End to End Test Flow" tests="1" failures="0" timestamp="2019-12-30T16:10:19 IST" time="52.785" errors="0">
  <testcase name="secondTest" time="40.864" classname="TestNGClasses.EndToEndFlow"/>
  <testcase name="firstTest" time="0.0" classname="TestNGClasses.EndToEndFlow">
    <ignored/>
  </testcase> <!-- firstTest -->
</testsuite> <!-- Second End to End Test Flow -->
